0 info it worked if it ends with ok
1 verbose cli [ 'C:\\Program Files\\nodejs\\node.exe',
1 verbose cli   'C:\\Users\\Ken\\AppData\\Roaming\\npm\\node_modules\\npm\\bin\\npm-cli.js',
1 verbose cli   'start' ]
2 info using npm@3.10.6
3 info using node@v4.4.7
4 verbose run-script [ 'prestart', 'start', 'poststart' ]
5 info lifecycle fb-app@0.0.0~prestart: fb-app@0.0.0
6 silly lifecycle fb-app@0.0.0~prestart: no script for prestart, continuing
7 info lifecycle fb-app@0.0.0~start: fb-app@0.0.0
8 verbose lifecycle fb-app@0.0.0~start: unsafe-perm in lifecycle true
9 verbose lifecycle fb-app@0.0.0~start: PATH: C:\Users\Ken\AppData\Roaming\npm\node_modules\npm\bin\node-gyp-bin;C:\Users\Ken\Dropbox\Academics\2016\Sem2\CS3216\FB App\giveforfree\node_modules\.bin;C:\Users\Ken\bin;C:\Program Files (x86)\Git\mingw32\bin;C:\Program Files (x86)\Git\usr\local\bin;C:\Program Files (x86)\Git\usr\bin;C:\Program Files (x86)\Git\usr\bin;C:\Program Files (x86)\Git\mingw32\bin;C:\Program Files (x86)\Git\usr\bin;C:\Users\Ken\bin;C:\Program Files\Java\jdk1.8.0_66\bin;C:\Users\Ken\AppData\Roaming\python-3.4.3;C:\ProgramData\Oracle\Java\javapath;C:\Program Files (x86)\Intel\iCLS Client;C:\Program Files\Intel\iCLS Client;C:\Program Files\Dell\DW WLAN Card;C:\Windows\system32;C:\Windows;C:\Windows\System32\Wbem;C:\Windows\System32\WindowsPowerShell\v1.0;C:\Program Files\WIDCOMM\Bluetooth Software;C:\Program Files\WIDCOMM\Bluetooth Software\syswow64;C:\Program Files\Intel\Intel(R) Management Engine Components\DAL;C:\Program Files (x86)\Intel\Intel(R) Management Engine Components\DAL;C:\Program Files\Intel\Intel(R) Management Engine Components\IPT;C:\Program Files (x86)\Intel\Intel(R) Management Engine Components\IPT;C:\Python34;C:\Python34\scripts;C:\Program Files (x86)\Symantec\VIP Access Client;C:\Program Files\Git\cmd;C:\Program Files (x86)\Calibre2;C:\Program Files\mingw-w64\x86_64-5.3.0-posix-seh-rt_v4-rev0\mingw64\bin;C:\Program Files (x86)\Heroku\bin;C:\Program Files (x86)\git\cmd;C:\Program Files (x86)\Git\cmd;C:\Program Files\MiKTeX 2.9\miktex\bin\x64;C:\Program Files\nodejs;C:\Program Files (x86)\Windows Kits\8.1\Windows Performance Toolkit;C:\Program Files (x86)\Skype\Phone;C:\Users\Ken\Anaconda3;C:\Users\Ken\Anaconda3\Scripts;C:\Users\Ken\Anaconda3\Library\bin;C:\Ruby21-x64\bin;C:\Program Files (x86)\SSH Communications Security\SSH Secure Shell;C:\cygwin64\bin;C:\sqlite;C:\Program Files (x86)\Google\google_appengine;C:\chromedriver.exe;C:\phantomjs\bin;C:\Users\Ken\AppData\Roaming\npm;C:\Program Files (x86)\Git\usr\bin\vendor_perl;C:\Program Files (x86)\Git\usr\bin\core_perl
10 verbose lifecycle fb-app@0.0.0~start: CWD: C:\Users\Ken\Dropbox\Academics\2016\Sem2\CS3216\FB App\giveforfree
11 silly lifecycle fb-app@0.0.0~start: Args: [ '/d /s /c',
11 silly lifecycle   'tsc && concurrently "npm run tsc:w" "npm run lite" ' ]
12 silly lifecycle fb-app@0.0.0~start: Returned: code: 1  signal: null
13 info lifecycle fb-app@0.0.0~start: Failed to exec start script
14 verbose stack Error: fb-app@0.0.0 start: `tsc && concurrently "npm run tsc:w" "npm run lite" `
14 verbose stack Exit status 1
14 verbose stack     at EventEmitter.<anonymous> (C:\Users\Ken\AppData\Roaming\npm\node_modules\npm\lib\utils\lifecycle.js:255:16)
14 verbose stack     at emitTwo (events.js:87:13)
14 verbose stack     at EventEmitter.emit (events.js:172:7)
14 verbose stack     at ChildProcess.<anonymous> (C:\Users\Ken\AppData\Roaming\npm\node_modules\npm\lib\utils\spawn.js:40:14)
14 verbose stack     at emitTwo (events.js:87:13)
14 verbose stack     at ChildProcess.emit (events.js:172:7)
14 verbose stack     at maybeClose (internal/child_process.js:827:16)
14 verbose stack     at Process.ChildProcess._handle.onexit (internal/child_process.js:211:5)
15 verbose pkgid fb-app@0.0.0
16 verbose cwd C:\Users\Ken\Dropbox\Academics\2016\Sem2\CS3216\FB App\giveforfree
17 error Windows_NT 6.3.9600
18 error argv "C:\\Program Files\\nodejs\\node.exe" "C:\\Users\\Ken\\AppData\\Roaming\\npm\\node_modules\\npm\\bin\\npm-cli.js" "start"
19 error node v4.4.7
20 error npm  v3.10.6
21 error code ELIFECYCLE
22 error fb-app@0.0.0 start: `tsc && concurrently "npm run tsc:w" "npm run lite" `
22 error Exit status 1
23 error Failed at the fb-app@0.0.0 start script 'tsc && concurrently "npm run tsc:w" "npm run lite" '.
23 error Make sure you have the latest version of node.js and npm installed.
23 error If you do, this is most likely a problem with the fb-app package,
23 error not with npm itself.
23 error Tell the author that this fails on your system:
23 error     tsc && concurrently "npm run tsc:w" "npm run lite"
23 error You can get information on how to open an issue for this project with:
23 error     npm bugs fb-app
23 error Or if that isn't available, you can get their info via:
23 error     npm owner ls fb-app
23 error There is likely additional logging output above.
24 verbose exit [ 1, true ]
